TN:
SF:/Volumes/Samsung Portable SSD T5 Media/git/x402r-related-things/x402r-contracts/lib/commerce-payments/src/AuthCaptureEscrow.sol
DA:1,0
DA:25,1072
DA:67,2
DA:71,1
DA:74,0
DA:181,15
DA:189,31
DA:190,24
DA:196,31
DA:217,0
DA:222,0
DA:225,0
DA:226,0
DA:230,0
DA:231,0
DA:237,0
DA:251,5
DA:256,7
DA:257,2
DA:261,6
DA:262,2
DA:280,4
DA:284,6
DA:287,10
DA:288,0
DA:292,4
DA:294,6
DA:295,4
DA:299,0
DA:302,0
DA:305,0
DA:314,0
DA:316,0
DA:318,0
DA:322,0
DA:325,0
DA:339,4
DA:342,4
DA:346,16
DA:349,0
DA:350,0
DA:353,0
DA:361,0
DA:363,0
DA:364,0
DA:368,0
DA:370,0
DA:374,0
DA:377,0
DA:394,0
DA:396,0
DA:397,0
DA:401,0
DA:403,0
DA:406,0
DA:407,0
DA:410,0
DA:411,0
DA:421,4
DA:422,18
DA:423,15
DA:431,3
DA:433,1
DA:435,1
DA:454,36
DA:457,7
DA:458,10
DA:459,39
DA:460,32
DA:461,38
DA:462,3
DA:471,0
DA:473,0
DA:474,0
DA:475,0
DA:476,0
DA:477,0
DA:478,0
DA:481,0
DA:484,0
DA:485,0
DA:488,0
DA:502,0
DA:508,0
DA:511,0
DA:519,3
DA:520,7
DA:521,7
DA:522,7
DA:523,8
DA:524,8
DA:525,2
DA:528,6
DA:531,7
DA:534,15
DA:535,0
DA:539,5
DA:542,5
DA:550,8
DA:551,1
DA:552,2
DA:553,1
DA:556,26
DA:559,11
DA:562,17
DA:563,5
end_of_record

SF:/Volumes/Samsung Portable SSD T5 Media/git/x402r-related-things/x402r-contracts/lib/commerce-payments/src/TokenStore.sol
DA:13,66
DA:15,0
DA:23,3
DA:34,0
end_of_record

SF:/Volumes/Samsung Portable SSD T5 Media/git/x402r-related-things/x402r-contracts/lib/commerce-payments/src/collectors/PreApprovalPaymentCollector.sol
DA:15,570
DA:46,26
DA:49,10
DA:50,0
DA:54,45
DA:55,2
DA:58,40
DA:59,3
DA:62,1
DA:63,3
DA:76,43
DA:78,3
DA:80,9
end_of_record

SF:/Volumes/Samsung Portable SSD T5 Media/git/x402r-related-things/x402r-contracts/lib/commerce-payments/src/collectors/TokenCollector.sol
DA:19,0
DA:28,3
DA:43,7
end_of_record

SF:/Volumes/Samsung Portable SSD T5 Media/git/x402r-related-things/x402r-contracts/lib/forge-std/src/Base.sol
end_of_record

SF:/Volumes/Samsung Portable SSD T5 Media/git/x402r-related-things/x402r-contracts/lib/forge-std/src/StdAssertions.sol
DA:8,3
DA:36,6
DA:40,1
DA:41,3
DA:42,0
DA:44,44
end_of_record

SF:/Volumes/Samsung Portable SSD T5 Media/git/x402r-related-things/x402r-contracts/lib/forge-std/src/StdChains.sol
DA:67,2
end_of_record

SF:/Volumes/Samsung Portable SSD T5 Media/git/x402r-related-things/x402r-contracts/lib/forge-std/src/StdCheats.sol
end_of_record

SF:/Volumes/Samsung Portable SSD T5 Media/git/x402r-related-things/x402r-contracts/lib/forge-std/src/StdConstants.sol
DA:7,0
end_of_record

SF:/Volumes/Samsung Portable SSD T5 Media/git/x402r-related-things/x402r-contracts/lib/forge-std/src/StdError.sol
DA:5,0
DA:6,0
DA:7,0
DA:8,0
DA:9,0
DA:10,0
DA:11,0
DA:12,0
DA:13,0
DA:14,0
end_of_record

SF:/Volumes/Samsung Portable SSD T5 Media/git/x402r-related-things/x402r-contracts/lib/forge-std/src/StdInvariant.sol
DA:84,2
DA:88,2
DA:92,2
DA:96,2
DA:100,2
DA:104,2
DA:108,2
DA:112,2
DA:116,2
DA:120,2
end_of_record

SF:/Volumes/Samsung Portable SSD T5 Media/git/x402r-related-things/x402r-contracts/lib/forge-std/src/StdJson.sol
DA:25,0
end_of_record

SF:/Volumes/Samsung Portable SSD T5 Media/git/x402r-related-things/x402r-contracts/lib/forge-std/src/StdMath.sol
DA:4,0
end_of_record

SF:/Volumes/Samsung Portable SSD T5 Media/git/x402r-related-things/x402r-contracts/lib/forge-std/src/StdStorage.sol
DA:24,0
DA:334,0
end_of_record

SF:/Volumes/Samsung Portable SSD T5 Media/git/x402r-related-things/x402r-contracts/lib/forge-std/src/StdStyle.sol
DA:6,0
end_of_record

SF:/Volumes/Samsung Portable SSD T5 Media/git/x402r-related-things/x402r-contracts/lib/forge-std/src/StdToml.sol
DA:25,0
end_of_record

SF:/Volumes/Samsung Portable SSD T5 Media/git/x402r-related-things/x402r-contracts/lib/forge-std/src/StdUtils.sol
end_of_record

SF:/Volumes/Samsung Portable SSD T5 Media/git/x402r-related-things/x402r-contracts/lib/forge-std/src/Test.sol
DA:33,3
end_of_record

SF:/Volumes/Samsung Portable SSD T5 Media/git/x402r-related-things/x402r-contracts/lib/forge-std/src/Vm.sol
end_of_record

SF:/Volumes/Samsung Portable SSD T5 Media/git/x402r-related-things/x402r-contracts/lib/forge-std/src/console.sol
DA:4,0
end_of_record

SF:/Volumes/Samsung Portable SSD T5 Media/git/x402r-related-things/x402r-contracts/lib/forge-std/src/console2.sol
end_of_record

SF:/Volumes/Samsung Portable SSD T5 Media/git/x402r-related-things/x402r-contracts/lib/forge-std/src/interfaces/IMulticall3.sol
end_of_record

SF:/Volumes/Samsung Portable SSD T5 Media/git/x402r-related-things/x402r-contracts/lib/forge-std/src/safeconsole.sol
DA:6,0
end_of_record

SF:/Volumes/Samsung Portable SSD T5 Media/git/x402r-related-things/x402r-contracts/lib/openzeppelin-contracts/contracts/interfaces/IERC1363.sol
end_of_record

SF:/Volumes/Samsung Portable SSD T5 Media/git/x402r-related-things/x402r-contracts/lib/openzeppelin-contracts/contracts/interfaces/IERC165.sol
end_of_record

SF:/Volumes/Samsung Portable SSD T5 Media/git/x402r-related-things/x402r-contracts/lib/openzeppelin-contracts/contracts/interfaces/IERC20.sol
end_of_record

SF:/Volumes/Samsung Portable SSD T5 Media/git/x402r-related-things/x402r-contracts/lib/openzeppelin-contracts/contracts/token/ERC20/IERC20.sol
end_of_record

SF:/Volumes/Samsung Portable SSD T5 Media/git/x402r-related-things/x402r-contracts/lib/openzeppelin-contracts/contracts/token/ERC20/utils/SafeERC20.sol
DA:18,0
DA:34,0
DA:35,0
DA:44,4
DA:45,0
DA:177,0
DA:179,0
DA:221,25
end_of_record

SF:/Volumes/Samsung Portable SSD T5 Media/git/x402r-related-things/x402r-contracts/lib/openzeppelin-contracts/contracts/utils/introspection/IERC165.sol
end_of_record

SF:/Volumes/Samsung Portable SSD T5 Media/git/x402r-related-things/x402r-contracts/lib/solady/src/auth/Ownable.sol
DA:112,8
DA:124,0
DA:138,4
DA:151,0
DA:153,0
DA:166,0
DA:176,0
DA:182,0
DA:194,0
DA:196,0
DA:210,0
DA:224,0
DA:237,0
DA:247,3
DA:260,0
DA:274,0
end_of_record

SF:/Volumes/Samsung Portable SSD T5 Media/git/x402r-related-things/x402r-contracts/lib/solady/src/tokens/ERC20.sol
DA:114,0
DA:125,0
DA:139,0
DA:149,0
DA:157,8
DA:165,0
DA:172,0
DA:175,0
DA:189,17
DA:198,19
DA:220,0
DA:262,68
DA:377,0
DA:400,0
DA:410,0
DA:413,0
DA:475,0
DA:478,0
DA:499,63
end_of_record

SF:/Volumes/Samsung Portable SSD T5 Media/git/x402r-related-things/x402r-contracts/lib/solady/src/utils/LibClone.sol
DA:69,0
DA:215,0
DA:244,14
DA:2832,11
end_of_record

SF:/Volumes/Samsung Portable SSD T5 Media/git/x402r-related-things/x402r-contracts/lib/solady/src/utils/ReentrancyGuardTransient.sol
DA:24,7
DA:34,36
DA:36,15
DA:45,0
DA:55,26
DA:64,1
DA:66,8
DA:68,2
DA:73,0
DA:79,1
DA:121,3
end_of_record

SF:/Volumes/Samsung Portable SSD T5 Media/git/x402r-related-things/x402r-contracts/lib/solady/src/utils/SafeTransferLib.sol
DA:11,0
DA:338,0
DA:340,0
DA:444,0
end_of_record

SF:/Volumes/Samsung Portable SSD T5 Media/git/x402r-related-things/x402r-contracts/src/commerce-payments/conditions/ICondition.sol
end_of_record

SF:/Volumes/Samsung Portable SSD T5 Media/git/x402r-related-things/x402r-contracts/src/commerce-payments/conditions/IRecorder.sol
end_of_record

SF:/Volumes/Samsung Portable SSD T5 Media/git/x402r-related-things/x402r-contracts/src/commerce-payments/operator/PaymentOperatorFactory.sol
DA:34,1063
DA:51,0
DA:52,0
DA:53,0
DA:54,0
DA:66,3
DA:67,3
DA:68,4
DA:69,4
DA:72,1
DA:73,1
DA:74,3
DA:75,3
DA:84,0
DA:93,2
DA:94,2
DA:95,0
DA:97,9
DA:108,3
DA:110,4
DA:112,2
DA:115,2
DA:116,0
DA:121,2
DA:123,10
DA:129,7
DA:133,18
DA:134,1
DA:135,1
DA:136,2
DA:137,2
DA:139,2
DA:140,2
DA:141,2
DA:142,2
DA:143,2
DA:146,34
DA:147,2
DA:148,2
DA:149,2
DA:150,1
DA:158,3
DA:166,0
DA:167,0
DA:168,0
DA:175,3
DA:176,2
DA:177,11
DA:179,4
DA:180,4
DA:181,4
DA:182,3
DA:183,3
DA:184,4
DA:185,3
DA:186,3
DA:187,3
DA:188,4
DA:193,3
DA:195,18
DA:196,7
DA:197,8
DA:198,4
DA:199,4
DA:200,3
DA:201,4
DA:202,4
DA:203,4
DA:204,4
DA:205,3
DA:208,16
DA:209,15
DA:210,21
DA:211,1
DA:212,1
DA:213,1
DA:214,1
end_of_record

SF:/Volumes/Samsung Portable SSD T5 Media/git/x402r-related-things/x402r-contracts/src/commerce-payments/operator/arbitration/PaymentOperator.sol
DA:72,1830
DA:88,0
DA:89,0
DA:90,0
DA:97,0
DA:98,0
DA:99,0
DA:100,0
DA:104,0
DA:105,0
DA:106,0
DA:107,0
DA:108,0
DA:112,0
DA:113,0
DA:114,0
DA:115,0
DA:116,0
DA:118,0
DA:119,0
DA:123,0
DA:125,0
DA:138,4
DA:139,3
DA:140,1
DA:141,1
DA:142,3
DA:143,4
DA:145,4
DA:146,8
DA:148,3
DA:149,2
DA:151,2
DA:152,2
DA:153,3
DA:156,3
DA:157,1
DA:158,1
DA:159,1
DA:160,1
DA:163,1
DA:164,1
DA:165,1
DA:166,3
DA:167,3
DA:178,0
DA:179,0
DA:180,0
DA:188,0
DA:189,0
DA:191,0
DA:193,0
DA:200,0
DA:202,0
DA:224,2
DA:227,3
DA:228,0
DA:229,0
DA:235,50
DA:237,10
DA:238,10
DA:241,13
DA:244,39
DA:247,3
DA:248,0
DA:270,0
DA:273,0
DA:274,0
DA:275,0
DA:284,0
DA:286,0
DA:290,0
DA:293,0
DA:296,0
DA:314,3
DA:315,1
DA:316,0
DA:320,1
DA:325,3
DA:329,19
DA:332,0
DA:333,0
DA:351,3
DA:352,0
DA:359,3
DA:363,18
DA:366,0
DA:367,0
DA:390,0
DA:391,0
DA:392,0
DA:398,0
DA:402,0
DA:405,0
DA:414,1
DA:416,0
DA:417,0
DA:418,0
DA:423,0
DA:424,0
DA:427,0
DA:432,0
DA:435,0
DA:436,0
DA:439,0
DA:440,1
DA:447,0
DA:448,0
DA:449,0
DA:450,0
DA:462,0
DA:480,0
DA:481,0
DA:495,0
DA:500,0
DA:503,0
DA:509,0
DA:512,0
DA:513,0
DA:517,0
DA:518,0
DA:522,0
DA:524,0
DA:525,0
DA:527,0
DA:531,0
DA:541,0
DA:550,0
DA:560,2
DA:561,4
DA:569,2
DA:570,5
end_of_record

SF:/Volumes/Samsung Portable SSD T5 Media/git/x402r-related-things/x402r-contracts/src/commerce-payments/operator/arbitration/PaymentOperatorAccess.sol
DA:22,32
DA:33,34
DA:34,0
DA:36,11
end_of_record

SF:/Volumes/Samsung Portable SSD T5 Media/git/x402r-related-things/x402r-contracts/src/commerce-payments/operator/types/Errors.sol
end_of_record

SF:/Volumes/Samsung Portable SSD T5 Media/git/x402r-related-things/x402r-contracts/src/commerce-payments/operator/types/Events.sol
end_of_record

SF:/Volumes/Samsung Portable SSD T5 Media/git/x402r-related-things/x402r-contracts/src/commerce-payments/operator/types/IOperator.sol
end_of_record

SF:/Volumes/Samsung Portable SSD T5 Media/git/x402r-related-things/x402r-contracts/src/commerce-payments/operator/types/Types.sol
end_of_record

SF:/Volumes/Samsung Portable SSD T5 Media/git/x402r-related-things/x402r-contracts/src/commerce-payments/types/Errors.sol
end_of_record

SF:/Volumes/Samsung Portable SSD T5 Media/git/x402r-related-things/x402r-contracts/test/invariants/PaymentOperatorInvariants.sol
DA:19,2746
DA:20,1
DA:21,5
DA:22,1
DA:23,1
DA:25,0
DA:26,1
DA:29,15
DA:30,8
DA:41,3
DA:42,188
DA:45,4
DA:46,7
DA:49,40
DA:50,30
DA:51,28
DA:54,28
DA:58,25
DA:72,39
DA:75,28
DA:76,31
DA:81,4
DA:86,25
DA:87,1
DA:90,1
DA:92,13
DA:93,1
DA:94,1
DA:103,38
DA:105,9
DA:106,13
DA:111,2
DA:112,3
DA:114,2
DA:119,5
DA:122,34
DA:125,32
DA:132,18
DA:134,0
DA:135,0
DA:136,0
DA:141,24
DA:143,0
DA:144,0
DA:145,0
DA:152,0
DA:153,0
DA:154,0
DA:155,0
DA:157,0
DA:158,0
DA:159,0
DA:160,0
DA:164,0
DA:171,0
DA:178,0
DA:205,0
DA:206,0
DA:207,0
DA:208,0
DA:210,0
DA:214,0
DA:215,0
DA:218,0
DA:222,0
DA:223,0
DA:224,0
DA:225,0
DA:227,0
DA:231,0
DA:238,0
DA:245,0
DA:246,0
DA:249,0
DA:250,0
DA:251,0
DA:252,0
DA:253,0
DA:258,0
DA:266,0
DA:285,6
DA:287,13
DA:288,22
DA:290,21
DA:293,3
DA:294,9
DA:296,5
DA:297,2
DA:298,1
DA:300,2
DA:303,5
DA:305,19
DA:308,3
DA:309,15
DA:311,6
DA:312,4
DA:313,1
DA:315,2
DA:318,5
DA:320,22
end_of_record

SF:/Volumes/Samsung Portable SSD T5 Media/git/x402r-related-things/x402r-contracts/test/mocks/MockERC20.sol
DA:6,491
DA:13,4
DA:21,0
end_of_record

